2019-02-20 01:06:43.925 [HikariPool-1 housekeeper] WARN  com.zaxxer.hikari.pool.HikariPool - HikariPool-1 - Thread starvation or clock leap detected (housekeeper delta=1h47m49s915ms).
2019-02-20 02:02:01.263 [HikariPool-1 housekeeper] WARN  com.zaxxer.hikari.pool.HikariPool - HikariPool-1 - Thread starvation or clock leap detected (housekeeper delta=55m17s328ms).
2019-02-20 02:06:29.203 [HikariPool-1 housekeeper] WARN  com.zaxxer.hikari.pool.HikariPool - HikariPool-1 - Thread starvation or clock leap detected (housekeeper delta=4m27s938ms).
2019-02-20 03:54:32.429 [HikariPool-1 housekeeper] WARN  com.zaxxer.hikari.pool.HikariPool - HikariPool-1 - Thread starvation or clock leap detected (housekeeper delta=1h48m3s234ms).
2019-02-20 05:42:40.281 [HikariPool-1 housekeeper] WARN  com.zaxxer.hikari.pool.HikariPool - HikariPool-1 - Thread starvation or clock leap detected (housekeeper delta=1h48m7s841ms).
2019-02-20 07:30:51.312 [HikariPool-1 housekeeper] WARN  com.zaxxer.hikari.pool.HikariPool - HikariPool-1 - Thread starvation or clock leap detected (housekeeper delta=1h48m10s917ms).
2019-02-20 09:19:00.155 [HikariPool-1 housekeeper] WARN  com.zaxxer.hikari.pool.HikariPool - HikariPool-1 - Thread starvation or clock leap detected (housekeeper delta=1h48m8s968ms).
2019-02-20 09:35:51.982 [HikariPool-1 housekeeper] WARN  com.zaxxer.hikari.pool.HikariPool - HikariPool-1 - Thread starvation or clock leap detected (housekeeper delta=16m51s818ms).
2019-02-20 09:50:19.122 [HikariPool-1 housekeeper] WARN  com.zaxxer.hikari.pool.HikariPool - HikariPool-1 - Thread starvation or clock leap detected (housekeeper delta=14m27s153ms).
2019-02-20 10:11:17.231 [HikariPool-1 housekeeper] WARN  com.zaxxer.hikari.pool.HikariPool - HikariPool-1 - Thread starvation or clock leap detected (housekeeper delta=20m28s102ms).
2019-02-20 10:25:22.421 [HikariPool-1 housekeeper] WARN  com.zaxxer.hikari.pool.HikariPool - HikariPool-1 - Thread starvation or clock leap detected (housekeeper delta=14m5s189ms).
2019-02-20 10:38:56.529 [HikariPool-1 housekeeper] WARN  com.zaxxer.hikari.pool.HikariPool - HikariPool-1 - Thread starvation or clock leap detected (housekeeper delta=13m34s109ms).
2019-02-20 10:45:06.843 [http-nio-8888-exec-7] INFO  com.course.controller.UserManager - 查询到到结果是0
2019-02-20 10:45:06.954 [http-nio-8888-exec-6] INFO  com.course.controller.UserManager - 查询到到结果是0
2019-02-20 10:47:38.977 [Thread-3] INFO  o.s.boot.web.servlet.context.AnnotationConfigServletWebServerApplicationContext - Closing org.springframework.boot.web.servlet.context.AnnotationConfigServletWebServerApplicationContext@22fcf7ab: startup date [Tue Feb 19 11:17:25 CST 2019]; root of context hierarchy
2019-02-20 10:47:38.991 [Thread-3] INFO  org.springframework.context.support.DefaultLifecycleProcessor - Stopping beans in phase 2147483647
2019-02-20 10:47:38.994 [Thread-3] INFO  org.springframework.jmx.export.annotation.AnnotationMBeanExporter - Unregistering JMX-exposed beans on shutdown
2019-02-20 10:47:38.995 [Thread-3] INFO  org.springframework.jmx.export.annotation.AnnotationMBeanExporter - Unregistering JMX-exposed beans
2019-02-20 10:47:39.000 [Thread-3] INFO  com.zaxxer.hikari.HikariDataSource - HikariPool-1 - Shutdown initiated...
2019-02-20 10:47:39.012 [Thread-3] INFO  com.zaxxer.hikari.HikariDataSource - HikariPool-1 - Shutdown completed.
2019-02-20 10:47:43.128 [main] INFO  com.course.Application - Starting Application on lichaodeMacBook-Pro.local with PID 62015 (/Users/lichao/workspace/autojava/AutoTestStudy/Chapter13/target/classes started by lichao in /Users/lichao/workspace/autojava/AutoTestStudy)
2019-02-20 10:47:43.143 [main] INFO  com.course.Application - No active profile set, falling back to default profiles: default
2019-02-20 10:47:43.209 [main] INFO  o.s.boot.web.servlet.context.AnnotationConfigServletWebServerApplicationContext - Refreshing org.springframework.boot.web.servlet.context.AnnotationConfigServletWebServerApplicationContext@22fcf7ab: startup date [Wed Feb 20 10:47:43 CST 2019]; root of context hierarchy
2019-02-20 10:47:44.113 [main] WARN  org.mybatis.spring.mapper.ClassPathMapperScanner - No MyBatis mapper was found in '[com.course]' package. Please check your configuration.
2019-02-20 10:47:44.501 [main] INFO  o.s.context.support.PostProcessorRegistrationDelegate$BeanPostProcessorChecker - Bean 'org.springframework.transaction.annotation.ProxyTransactionManagementConfiguration' of type [org.springframework.transaction.annotation.ProxyTransactionManagementConfiguration$$EnhancerBySpringCGLIB$$b71b7d49] is not eligible for getting processed by all BeanPostProcessors (for example: not eligible for auto-proxying)
2019-02-20 10:47:44.848 [main] INFO  org.springframework.boot.web.embedded.tomcat.TomcatWebServer - Tomcat initialized with port(s): 8888 (http)
2019-02-20 10:47:44.876 [main] INFO  org.apache.catalina.core.StandardService - Starting service [Tomcat]
2019-02-20 10:47:44.876 [main] INFO  org.apache.catalina.core.StandardEngine - Starting Servlet Engine: Apache Tomcat/8.5.28
2019-02-20 10:47:44.887 [localhost-startStop-1] INFO  org.apache.catalina.core.AprLifecycleListener - The APR based Apache Tomcat Native library which allows optimal performance in production environments was not found on the java.library.path: [/Users/lichao/Library/Java/Extensions:/Library/Java/Extensions:/Network/Library/Java/Extensions:/System/Library/Java/Extensions:/usr/lib/java:.]
2019-02-20 10:47:44.987 [localhost-startStop-1] INFO  org.apache.catalina.core.ContainerBase.[Tomcat].[localhost].[/] - Initializing Spring embedded WebApplicationContext
2019-02-20 10:47:44.987 [localhost-startStop-1] INFO  org.springframework.web.context.ContextLoader - Root WebApplicationContext: initialization completed in 1778 ms
2019-02-20 10:47:45.122 [localhost-startStop-1] INFO  org.springframework.boot.web.servlet.ServletRegistrationBean - Servlet dispatcherServlet mapped to [/]
2019-02-20 10:47:45.127 [localhost-startStop-1] INFO  org.springframework.boot.web.servlet.FilterRegistrationBean - Mapping filter: 'characterEncodingFilter' to: [/*]
2019-02-20 10:47:45.127 [localhost-startStop-1] INFO  org.springframework.boot.web.servlet.FilterRegistrationBean - Mapping filter: 'hiddenHttpMethodFilter' to: [/*]
2019-02-20 10:47:45.127 [localhost-startStop-1] INFO  org.springframework.boot.web.servlet.FilterRegistrationBean - Mapping filter: 'httpPutFormContentFilter' to: [/*]
2019-02-20 10:47:45.127 [localhost-startStop-1] INFO  org.springframework.boot.web.servlet.FilterRegistrationBean - Mapping filter: 'requestContextFilter' to: [/*]
2019-02-20 10:47:45.896 [main] INFO  o.springframework.web.servlet.mvc.method.annotation.RequestMappingHandlerMapping - Mapped "{[/v1/getUserInfo],methods=[POST]}" onto public java.util.List<com.course.model.User> com.course.controller.UserManager.getUserInfo(javax.servlet.http.HttpServletRequest,com.course.model.User)
2019-02-20 10:47:45.897 [main] INFO  o.springframework.web.servlet.mvc.method.annotation.RequestMappingHandlerMapping - Mapped "{[/v1/login],methods=[POST]}" onto public java.lang.Boolean com.course.controller.UserManager.login(javax.servlet.http.HttpServletResponse,com.course.model.User)
2019-02-20 10:47:45.897 [main] INFO  o.springframework.web.servlet.mvc.method.annotation.RequestMappingHandlerMapping - Mapped "{[/v1/updateUserInfo],methods=[POST]}" onto public int com.course.controller.UserManager.updateUser(javax.servlet.http.HttpServletRequest,com.course.model.User)
2019-02-20 10:47:45.897 [main] INFO  o.springframework.web.servlet.mvc.method.annotation.RequestMappingHandlerMapping - Mapped "{[/v1/addUser],methods=[POST]}" onto public java.lang.Boolean com.course.controller.UserManager.addUser(javax.servlet.http.HttpServletRequest,com.course.model.User)
2019-02-20 10:47:45.898 [main] INFO  o.springframework.web.servlet.mvc.method.annotation.RequestMappingHandlerMapping - Mapped "{[/v2/api-docs],methods=[GET],produces=[application/json || application/hal+json]}" onto public org.springframework.http.ResponseEntity<springfox.documentation.spring.web.json.Json> springfox.documentation.swagger2.web.Swagger2Controller.getDocumentation(java.lang.String,javax.servlet.http.HttpServletRequest)
2019-02-20 10:47:45.902 [main] INFO  o.springframework.web.servlet.mvc.method.annotation.RequestMappingHandlerMapping - Mapped "{[/swagger-resources/configuration/ui]}" onto org.springframework.http.ResponseEntity<springfox.documentation.swagger.web.UiConfiguration> springfox.documentation.swagger.web.ApiResourceController.uiConfiguration()
2019-02-20 10:47:45.903 [main] INFO  o.springframework.web.servlet.mvc.method.annotation.RequestMappingHandlerMapping - Mapped "{[/swagger-resources/configuration/security]}" onto org.springframework.http.ResponseEntity<springfox.documentation.swagger.web.SecurityConfiguration> springfox.documentation.swagger.web.ApiResourceController.securityConfiguration()
2019-02-20 10:47:45.903 [main] INFO  o.springframework.web.servlet.mvc.method.annotation.RequestMappingHandlerMapping - Mapped "{[/swagger-resources]}" onto org.springframework.http.ResponseEntity<java.util.List<springfox.documentation.swagger.web.SwaggerResource>> springfox.documentation.swagger.web.ApiResourceController.swaggerResources()
2019-02-20 10:47:45.909 [main] INFO  o.springframework.web.servlet.mvc.method.annotation.RequestMappingHandlerMapping - Mapped "{[/error]}" onto public org.springframework.http.ResponseEntity<java.util.Map<java.lang.String, java.lang.Object>> org.springframework.boot.autoconfigure.web.servlet.error.BasicErrorController.error(javax.servlet.http.HttpServletRequest)
2019-02-20 10:47:45.910 [main] INFO  o.springframework.web.servlet.mvc.method.annotation.RequestMappingHandlerMapping - Mapped "{[/error],produces=[text/html]}" onto public org.springframework.web.servlet.ModelAndView org.springframework.boot.autoconfigure.web.servlet.error.BasicErrorController.errorHtml(javax.servlet.http.HttpServletRequest,javax.servlet.http.HttpServletResponse)
2019-02-20 10:47:46.278 [main] INFO  o.springframework.web.servlet.mvc.method.annotation.RequestMappingHandlerAdapter - Looking for @ControllerAdvice: org.springframework.boot.web.servlet.context.AnnotationConfigServletWebServerApplicationContext@22fcf7ab: startup date [Wed Feb 20 10:47:43 CST 2019]; root of context hierarchy
2019-02-20 10:47:46.351 [main] INFO  org.springframework.web.servlet.handler.SimpleUrlHandlerMapping - Mapped URL path [/webjars/**] onto handler of type [class org.springframework.web.servlet.resource.ResourceHttpRequestHandler]
2019-02-20 10:47:46.352 [main] INFO  org.springframework.web.servlet.handler.SimpleUrlHandlerMapping - Mapped URL path [/**] onto handler of type [class org.springframework.web.servlet.resource.ResourceHttpRequestHandler]
2019-02-20 10:47:46.397 [main] INFO  org.springframework.web.servlet.handler.SimpleUrlHandlerMapping - Mapped URL path [/**/favicon.ico] onto handler of type [class org.springframework.web.servlet.resource.ResourceHttpRequestHandler]
2019-02-20 10:47:46.604 [main] INFO  org.springframework.jmx.export.annotation.AnnotationMBeanExporter - Registering beans for JMX exposure on startup
2019-02-20 10:47:46.607 [main] INFO  org.springframework.jmx.export.annotation.AnnotationMBeanExporter - Bean with name 'dataSource' has been autodetected for JMX exposure
2019-02-20 10:47:46.612 [main] INFO  org.springframework.jmx.export.annotation.AnnotationMBeanExporter - Located MBean 'dataSource': registering with JMX server as MBean [com.zaxxer.hikari:name=dataSource,type=HikariDataSource]
2019-02-20 10:47:46.617 [main] INFO  org.springframework.context.support.DefaultLifecycleProcessor - Starting beans in phase 2147483647
2019-02-20 10:47:46.618 [main] INFO  springfox.documentation.spring.web.plugins.DocumentationPluginsBootstrapper - Context refreshed
2019-02-20 10:47:46.640 [main] INFO  springfox.documentation.spring.web.plugins.DocumentationPluginsBootstrapper - Found 1 custom documentation plugin(s)
2019-02-20 10:47:46.653 [main] INFO  springfox.documentation.spring.web.scanners.ApiListingReferenceScanner - Scanning for api listing references
2019-02-20 10:47:46.959 [main] INFO  org.springframework.boot.web.embedded.tomcat.TomcatWebServer - Tomcat started on port(s): 8888 (http) with context path ''
2019-02-20 10:47:46.963 [main] INFO  com.course.Application - Started Application in 4.882 seconds (JVM running for 5.654)
2019-02-20 10:48:13.209 [http-nio-8888-exec-1] INFO  org.apache.catalina.core.ContainerBase.[Tomcat].[localhost].[/] - Initializing Spring FrameworkServlet 'dispatcherServlet'
2019-02-20 10:48:13.210 [http-nio-8888-exec-1] INFO  org.springframework.web.servlet.DispatcherServlet - FrameworkServlet 'dispatcherServlet': initialization started
2019-02-20 10:48:13.236 [http-nio-8888-exec-1] INFO  org.springframework.web.servlet.DispatcherServlet - FrameworkServlet 'dispatcherServlet': initialization completed in 26 ms
2019-02-20 10:52:38.142 [http-nio-8888-exec-3] INFO  com.zaxxer.hikari.HikariDataSource - HikariPool-1 - Starting...
2019-02-20 10:52:38.669 [http-nio-8888-exec-3] INFO  com.zaxxer.hikari.HikariDataSource - HikariPool-1 - Start completed.
2019-02-20 10:52:38.697 [http-nio-8888-exec-3] INFO  com.course.controller.UserManager - 查询到到结果是0
2019-02-20 10:54:48.789 [http-nio-8888-exec-5] INFO  com.course.controller.UserManager - 查询到到结果是0
2019-02-20 10:57:12.510 [http-nio-8888-exec-7] INFO  com.course.controller.UserManager - 查询到到结果是0
2019-02-20 11:08:36.412 [http-nio-8888-exec-9] INFO  com.course.controller.UserManager - 查询到到结果是0
2019-02-20 11:08:39.004 [http-nio-8888-exec-10] INFO  com.course.controller.UserManager - 查询到到结果是0
2019-02-20 11:08:39.709 [http-nio-8888-exec-1] INFO  com.course.controller.UserManager - 查询到到结果是0
2019-02-20 11:08:47.874 [http-nio-8888-exec-2] INFO  com.course.controller.UserManager - 查询到到结果是0
2019-02-20 11:08:49.369 [http-nio-8888-exec-3] INFO  com.course.controller.UserManager - 查询到到结果是0
2019-02-20 11:08:49.941 [http-nio-8888-exec-4] INFO  com.course.controller.UserManager - 查询到到结果是0
2019-02-20 11:08:50.484 [http-nio-8888-exec-5] INFO  com.course.controller.UserManager - 查询到到结果是0
2019-02-20 11:09:18.573 [Thread-3] INFO  o.s.boot.web.servlet.context.AnnotationConfigServletWebServerApplicationContext - Closing org.springframework.boot.web.servlet.context.AnnotationConfigServletWebServerApplicationContext@22fcf7ab: startup date [Wed Feb 20 10:47:43 CST 2019]; root of context hierarchy
2019-02-20 11:09:18.578 [Thread-3] INFO  org.springframework.context.support.DefaultLifecycleProcessor - Stopping beans in phase 2147483647
2019-02-20 11:09:18.580 [Thread-3] INFO  org.springframework.jmx.export.annotation.AnnotationMBeanExporter - Unregistering JMX-exposed beans on shutdown
2019-02-20 11:09:18.581 [Thread-3] INFO  org.springframework.jmx.export.annotation.AnnotationMBeanExporter - Unregistering JMX-exposed beans
2019-02-20 11:09:18.585 [Thread-3] INFO  com.zaxxer.hikari.HikariDataSource - HikariPool-1 - Shutdown initiated...
2019-02-20 11:09:18.600 [Thread-3] INFO  com.zaxxer.hikari.HikariDataSource - HikariPool-1 - Shutdown completed.
2019-02-20 11:09:23.143 [main] INFO  com.course.Application - Starting Application on lichaodeMacBook-Pro.local with PID 62049 (/Users/lichao/workspace/autojava/AutoTestStudy/Chapter13/target/classes started by lichao in /Users/lichao/workspace/autojava/AutoTestStudy)
2019-02-20 11:09:23.153 [main] INFO  com.course.Application - No active profile set, falling back to default profiles: default
2019-02-20 11:09:23.294 [main] INFO  o.s.boot.web.servlet.context.AnnotationConfigServletWebServerApplicationContext - Refreshing org.springframework.boot.web.servlet.context.AnnotationConfigServletWebServerApplicationContext@22fcf7ab: startup date [Wed Feb 20 11:09:23 CST 2019]; root of context hierarchy
2019-02-20 11:09:24.175 [main] WARN  org.mybatis.spring.mapper.ClassPathMapperScanner - No MyBatis mapper was found in '[com.course]' package. Please check your configuration.
2019-02-20 11:09:24.551 [main] INFO  o.s.context.support.PostProcessorRegistrationDelegate$BeanPostProcessorChecker - Bean 'org.springframework.transaction.annotation.ProxyTransactionManagementConfiguration' of type [org.springframework.transaction.annotation.ProxyTransactionManagementConfiguration$$EnhancerBySpringCGLIB$$610a9cf3] is not eligible for getting processed by all BeanPostProcessors (for example: not eligible for auto-proxying)
2019-02-20 11:09:24.866 [main] INFO  org.springframework.boot.web.embedded.tomcat.TomcatWebServer - Tomcat initialized with port(s): 8888 (http)
2019-02-20 11:09:24.891 [main] INFO  org.apache.catalina.core.StandardService - Starting service [Tomcat]
2019-02-20 11:09:24.891 [main] INFO  org.apache.catalina.core.StandardEngine - Starting Servlet Engine: Apache Tomcat/8.5.28
2019-02-20 11:09:24.902 [localhost-startStop-1] INFO  org.apache.catalina.core.AprLifecycleListener - The APR based Apache Tomcat Native library which allows optimal performance in production environments was not found on the java.library.path: [/Users/lichao/Library/Java/Extensions:/Library/Java/Extensions:/Network/Library/Java/Extensions:/System/Library/Java/Extensions:/usr/lib/java:.]
2019-02-20 11:09:24.984 [localhost-startStop-1] INFO  org.apache.catalina.core.ContainerBase.[Tomcat].[localhost].[/] - Initializing Spring embedded WebApplicationContext
2019-02-20 11:09:24.984 [localhost-startStop-1] INFO  org.springframework.web.context.ContextLoader - Root WebApplicationContext: initialization completed in 1690 ms
2019-02-20 11:09:25.122 [localhost-startStop-1] INFO  org.springframework.boot.web.servlet.ServletRegistrationBean - Servlet dispatcherServlet mapped to [/]
2019-02-20 11:09:25.128 [localhost-startStop-1] INFO  org.springframework.boot.web.servlet.FilterRegistrationBean - Mapping filter: 'characterEncodingFilter' to: [/*]
2019-02-20 11:09:25.129 [localhost-startStop-1] INFO  org.springframework.boot.web.servlet.FilterRegistrationBean - Mapping filter: 'hiddenHttpMethodFilter' to: [/*]
2019-02-20 11:09:25.129 [localhost-startStop-1] INFO  org.springframework.boot.web.servlet.FilterRegistrationBean - Mapping filter: 'httpPutFormContentFilter' to: [/*]
2019-02-20 11:09:25.129 [localhost-startStop-1] INFO  org.springframework.boot.web.servlet.FilterRegistrationBean - Mapping filter: 'requestContextFilter' to: [/*]
2019-02-20 11:09:25.939 [main] INFO  o.springframework.web.servlet.mvc.method.annotation.RequestMappingHandlerMapping - Mapped "{[/v1/getUserInfo],methods=[POST]}" onto public java.util.List<com.course.model.User> com.course.controller.UserManager.getUserInfo(javax.servlet.http.HttpServletRequest,com.course.model.User)
2019-02-20 11:09:25.941 [main] INFO  o.springframework.web.servlet.mvc.method.annotation.RequestMappingHandlerMapping - Mapped "{[/v1/addUser],methods=[POST]}" onto public java.lang.Boolean com.course.controller.UserManager.addUser(javax.servlet.http.HttpServletRequest,com.course.model.User)
2019-02-20 11:09:25.941 [main] INFO  o.springframework.web.servlet.mvc.method.annotation.RequestMappingHandlerMapping - Mapped "{[/v1/login],methods=[POST]}" onto public java.lang.Boolean com.course.controller.UserManager.login(javax.servlet.http.HttpServletResponse,com.course.model.User)
2019-02-20 11:09:25.941 [main] INFO  o.springframework.web.servlet.mvc.method.annotation.RequestMappingHandlerMapping - Mapped "{[/v1/updateUserInfo],methods=[POST]}" onto public int com.course.controller.UserManager.updateUser(javax.servlet.http.HttpServletRequest,com.course.model.User)
2019-02-20 11:09:25.943 [main] INFO  o.springframework.web.servlet.mvc.method.annotation.RequestMappingHandlerMapping - Mapped "{[/v2/api-docs],methods=[GET],produces=[application/json || application/hal+json]}" onto public org.springframework.http.ResponseEntity<springfox.documentation.spring.web.json.Json> springfox.documentation.swagger2.web.Swagger2Controller.getDocumentation(java.lang.String,javax.servlet.http.HttpServletRequest)
2019-02-20 11:09:25.947 [main] INFO  o.springframework.web.servlet.mvc.method.annotation.RequestMappingHandlerMapping - Mapped "{[/swagger-resources/configuration/ui]}" onto org.springframework.http.ResponseEntity<springfox.documentation.swagger.web.UiConfiguration> springfox.documentation.swagger.web.ApiResourceController.uiConfiguration()
2019-02-20 11:09:25.948 [main] INFO  o.springframework.web.servlet.mvc.method.annotation.RequestMappingHandlerMapping - Mapped "{[/swagger-resources/configuration/security]}" onto org.springframework.http.ResponseEntity<springfox.documentation.swagger.web.SecurityConfiguration> springfox.documentation.swagger.web.ApiResourceController.securityConfiguration()
2019-02-20 11:09:25.948 [main] INFO  o.springframework.web.servlet.mvc.method.annotation.RequestMappingHandlerMapping - Mapped "{[/swagger-resources]}" onto org.springframework.http.ResponseEntity<java.util.List<springfox.documentation.swagger.web.SwaggerResource>> springfox.documentation.swagger.web.ApiResourceController.swaggerResources()
2019-02-20 11:09:25.955 [main] INFO  o.springframework.web.servlet.mvc.method.annotation.RequestMappingHandlerMapping - Mapped "{[/error]}" onto public org.springframework.http.ResponseEntity<java.util.Map<java.lang.String, java.lang.Object>> org.springframework.boot.autoconfigure.web.servlet.error.BasicErrorController.error(javax.servlet.http.HttpServletRequest)
2019-02-20 11:09:25.955 [main] INFO  o.springframework.web.servlet.mvc.method.annotation.RequestMappingHandlerMapping - Mapped "{[/error],produces=[text/html]}" onto public org.springframework.web.servlet.ModelAndView org.springframework.boot.autoconfigure.web.servlet.error.BasicErrorController.errorHtml(javax.servlet.http.HttpServletRequest,javax.servlet.http.HttpServletResponse)
2019-02-20 11:09:26.422 [main] INFO  o.springframework.web.servlet.mvc.method.annotation.RequestMappingHandlerAdapter - Looking for @ControllerAdvice: org.springframework.boot.web.servlet.context.AnnotationConfigServletWebServerApplicationContext@22fcf7ab: startup date [Wed Feb 20 11:09:23 CST 2019]; root of context hierarchy
2019-02-20 11:09:26.494 [main] INFO  org.springframework.web.servlet.handler.SimpleUrlHandlerMapping - Mapped URL path [/webjars/**] onto handler of type [class org.springframework.web.servlet.resource.ResourceHttpRequestHandler]
2019-02-20 11:09:26.494 [main] INFO  org.springframework.web.servlet.handler.SimpleUrlHandlerMapping - Mapped URL path [/**] onto handler of type [class org.springframework.web.servlet.resource.ResourceHttpRequestHandler]
2019-02-20 11:09:26.536 [main] INFO  org.springframework.web.servlet.handler.SimpleUrlHandlerMapping - Mapped URL path [/**/favicon.ico] onto handler of type [class org.springframework.web.servlet.resource.ResourceHttpRequestHandler]
2019-02-20 11:09:26.736 [main] INFO  org.springframework.jmx.export.annotation.AnnotationMBeanExporter - Registering beans for JMX exposure on startup
2019-02-20 11:09:26.738 [main] INFO  org.springframework.jmx.export.annotation.AnnotationMBeanExporter - Bean with name 'dataSource' has been autodetected for JMX exposure
2019-02-20 11:09:26.744 [main] INFO  org.springframework.jmx.export.annotation.AnnotationMBeanExporter - Located MBean 'dataSource': registering with JMX server as MBean [com.zaxxer.hikari:name=dataSource,type=HikariDataSource]
2019-02-20 11:09:26.752 [main] INFO  org.springframework.context.support.DefaultLifecycleProcessor - Starting beans in phase 2147483647
2019-02-20 11:09:26.752 [main] INFO  springfox.documentation.spring.web.plugins.DocumentationPluginsBootstrapper - Context refreshed
2019-02-20 11:09:26.769 [main] INFO  springfox.documentation.spring.web.plugins.DocumentationPluginsBootstrapper - Found 1 custom documentation plugin(s)
2019-02-20 11:09:26.782 [main] INFO  springfox.documentation.spring.web.scanners.ApiListingReferenceScanner - Scanning for api listing references
2019-02-20 11:09:27.114 [main] INFO  org.springframework.boot.web.embedded.tomcat.TomcatWebServer - Tomcat started on port(s): 8888 (http) with context path ''
2019-02-20 11:09:27.119 [main] INFO  com.course.Application - Started Application in 4.694 seconds (JVM running for 5.382)
2019-02-20 11:09:36.661 [http-nio-8888-exec-1] INFO  org.apache.catalina.core.ContainerBase.[Tomcat].[localhost].[/] - Initializing Spring FrameworkServlet 'dispatcherServlet'
2019-02-20 11:09:36.661 [http-nio-8888-exec-1] INFO  org.springframework.web.servlet.DispatcherServlet - FrameworkServlet 'dispatcherServlet': initialization started
2019-02-20 11:09:36.682 [http-nio-8888-exec-1] INFO  org.springframework.web.servlet.DispatcherServlet - FrameworkServlet 'dispatcherServlet': initialization completed in 21 ms
2019-02-20 11:09:36.784 [http-nio-8888-exec-1] INFO  com.zaxxer.hikari.HikariDataSource - HikariPool-1 - Starting...
2019-02-20 11:09:37.300 [http-nio-8888-exec-1] INFO  com.zaxxer.hikari.HikariDataSource - HikariPool-1 - Start completed.
2019-02-20 11:09:37.327 [http-nio-8888-exec-1] INFO  com.course.controller.UserManager - 查询到到结果是0
2019-02-20 11:12:09.219 [http-nio-8888-exec-3] INFO  com.course.controller.UserManager - 查询到到结果是1
2019-02-20 11:12:09.219 [http-nio-8888-exec-3] INFO  com.course.controller.UserManager - 登陆的用户是：zhangsan
2019-02-20 11:12:09.285 [http-nio-8888-exec-4] INFO  com.course.controller.UserManager - 查询到到结果是0
2019-02-20 11:12:09.379 [http-nio-8888-exec-5] INFO  com.course.controller.UserManager - cookies验证通过
2019-02-20 11:12:09.424 [http-nio-8888-exec-5] INFO  com.course.controller.UserManager - 添加用户的数量是：1
2019-02-20 11:12:14.646 [http-nio-8888-exec-7] INFO  com.course.controller.UserManager - cookies验证通过
2019-02-20 11:12:14.766 [http-nio-8888-exec-7] INFO  com.course.controller.UserManager - 更新数据的条目是：6
2019-02-20 11:12:24.862 [http-nio-8888-exec-4] INFO  com.course.controller.UserManager - cookies验证通过
2019-02-20 11:12:24.871 [http-nio-8888-exec-4] INFO  com.course.controller.UserManager - 更新数据的条目是：6
2019-02-20 11:12:26.380 [http-nio-8888-exec-5] INFO  com.course.controller.UserManager - 查询到到结果是0
2019-02-20 11:19:57.371 [http-nio-8888-exec-10] INFO  com.course.controller.UserManager - 查询到到结果是0
2019-02-20 11:19:58.582 [http-nio-8888-exec-1] INFO  com.course.controller.UserManager - 查询到到结果是0
2019-02-20 11:19:59.115 [http-nio-8888-exec-2] INFO  com.course.controller.UserManager - 查询到到结果是0
2019-02-20 11:19:59.577 [http-nio-8888-exec-3] INFO  com.course.controller.UserManager - 查询到到结果是0
2019-02-20 11:22:30.827 [http-nio-8888-exec-5] INFO  com.course.controller.UserManager - 查询到到结果是0
2019-02-20 11:24:22.689 [http-nio-8888-exec-9] INFO  com.course.controller.UserManager - 查询到到结果是0
2019-02-20 11:28:30.664 [http-nio-8888-exec-1] INFO  com.course.controller.UserManager - 查询到到结果是0
2019-02-20 11:30:59.357 [http-nio-8888-exec-3] INFO  com.course.controller.UserManager - 查询到到结果是1
2019-02-20 11:30:59.359 [http-nio-8888-exec-3] INFO  com.course.controller.UserManager - 登陆的用户是：zhangsan
2019-02-20 11:41:01.753 [http-nio-8888-exec-5] INFO  com.course.controller.UserManager - cookie为空
2019-02-20 11:41:01.853 [http-nio-8888-exec-5] INFO  com.course.controller.UserManager - 添加用户的数量是：1
2019-02-20 11:42:19.283 [http-nio-8888-exec-7] INFO  com.course.controller.UserManager - 查询到到结果是1
2019-02-20 11:42:19.284 [http-nio-8888-exec-7] INFO  com.course.controller.UserManager - 登陆的用户是：zhangsan
2019-02-20 11:42:19.349 [http-nio-8888-exec-8] INFO  com.course.controller.UserManager - 查询到到结果是0
2019-02-20 11:42:19.428 [http-nio-8888-exec-9] INFO  com.course.controller.UserManager - cookies验证通过
2019-02-20 11:42:19.533 [http-nio-8888-exec-9] INFO  com.course.controller.UserManager - 添加用户的数量是：1
2019-02-20 11:42:24.666 [http-nio-8888-exec-1] INFO  com.course.controller.UserManager - cookies验证通过
2019-02-20 11:42:24.684 [http-nio-8888-exec-1] INFO  com.course.controller.UserManager - 更新数据的条目是：8
2019-02-20 11:42:34.840 [http-nio-8888-exec-2] INFO  com.course.controller.UserManager - cookies验证通过
2019-02-20 11:42:34.888 [http-nio-8888-exec-2] INFO  com.course.controller.UserManager - 更新数据的条目是：8
2019-02-20 12:08:36.130 [HikariPool-1 housekeeper] WARN  com.zaxxer.hikari.pool.HikariPool - HikariPool-1 - Thread starvation or clock leap detected (housekeeper delta=20m28s351ms).
2019-02-20 12:17:02.270 [HikariPool-1 housekeeper] WARN  com.zaxxer.hikari.pool.HikariPool - HikariPool-1 - Thread starvation or clock leap detected (housekeeper delta=7m56s128ms).
2019-02-20 12:24:39.370 [HikariPool-1 housekeeper] WARN  com.zaxxer.hikari.pool.HikariPool - HikariPool-1 - Thread starvation or clock leap detected (housekeeper delta=7m37s100ms).
2019-02-20 12:32:43.489 [HikariPool-1 housekeeper] WARN  com.zaxxer.hikari.pool.HikariPool - HikariPool-1 - Thread starvation or clock leap detected (housekeeper delta=8m4s119ms).
2019-02-20 12:38:09.584 [HikariPool-1 housekeeper] WARN  com.zaxxer.hikari.pool.HikariPool - HikariPool-1 - Thread starvation or clock leap detected (housekeeper delta=5m26s95ms).
2019-02-20 12:39:38.692 [HikariPool-1 housekeeper] WARN  com.zaxxer.hikari.pool.HikariPool - HikariPool-1 - Thread starvation or clock leap detected (housekeeper delta=59s105ms).
2019-02-20 12:55:00.571 [HikariPool-1 housekeeper] WARN  com.zaxxer.hikari.pool.HikariPool - HikariPool-1 - Thread starvation or clock leap detected (housekeeper delta=15m21s880ms).
2019-02-20 13:05:37.754 [HikariPool-1 housekeeper] WARN  com.zaxxer.hikari.pool.HikariPool - HikariPool-1 - Thread starvation or clock leap detected (housekeeper delta=10m37s182ms).
2019-02-20 13:10:43.882 [HikariPool-1 housekeeper] WARN  com.zaxxer.hikari.pool.HikariPool - HikariPool-1 - Thread starvation or clock leap detected (housekeeper delta=5m6s129ms).
2019-02-20 13:18:50.009 [HikariPool-1 housekeeper] WARN  com.zaxxer.hikari.pool.HikariPool - HikariPool-1 - Thread starvation or clock leap detected (housekeeper delta=7m36s114ms).
2019-02-20 14:01:06.717 [HikariPool-1 housekeeper] WARN  com.zaxxer.hikari.pool.HikariPool - HikariPool-1 - Thread starvation or clock leap detected (housekeeper delta=3m46s381ms).
2019-02-20 14:07:09.814 [HikariPool-1 housekeeper] WARN  com.zaxxer.hikari.pool.HikariPool - HikariPool-1 - Thread starvation or clock leap detected (housekeeper delta=6m3s97ms).
2019-02-20 14:17:38.302 [http-nio-8888-exec-5] INFO  com.course.controller.UserManager - 查询到到结果是1
2019-02-20 14:17:38.307 [http-nio-8888-exec-5] INFO  com.course.controller.UserManager - 登陆的用户是：zhangsan
2019-02-20 14:17:38.419 [http-nio-8888-exec-6] INFO  com.course.controller.UserManager - 查询到到结果是0
2019-02-20 14:17:38.503 [http-nio-8888-exec-7] INFO  com.course.controller.UserManager - cookies验证通过
2019-02-20 14:17:38.580 [http-nio-8888-exec-7] INFO  com.course.controller.UserManager - 添加用户的数量是：1
2019-02-20 14:17:43.727 [http-nio-8888-exec-9] INFO  com.course.controller.UserManager - cookies验证通过
2019-02-20 14:17:43.809 [http-nio-8888-exec-9] INFO  com.course.controller.UserManager - 更新数据的条目是：9
2019-02-20 14:17:53.932 [http-nio-8888-exec-10] INFO  com.course.controller.UserManager - cookies验证通过
2019-02-20 14:17:54.017 [http-nio-8888-exec-10] INFO  com.course.controller.UserManager - 更新数据的条目是：9
2019-02-20 14:21:08.918 [http-nio-8888-exec-3] INFO  com.course.controller.UserManager - 查询到到结果是1
2019-02-20 14:21:08.919 [http-nio-8888-exec-3] INFO  com.course.controller.UserManager - 登陆的用户是：zhangsan
2019-02-20 14:21:08.985 [http-nio-8888-exec-4] INFO  com.course.controller.UserManager - 查询到到结果是0
2019-02-20 14:21:09.057 [http-nio-8888-exec-5] INFO  com.course.controller.UserManager - cookies验证通过
2019-02-20 14:21:09.103 [http-nio-8888-exec-5] INFO  com.course.controller.UserManager - 添加用户的数量是：1
2019-02-20 14:21:14.252 [http-nio-8888-exec-7] INFO  com.course.controller.UserManager - cookies验证通过
2019-02-20 14:21:14.338 [http-nio-8888-exec-7] INFO  com.course.controller.UserManager - 更新数据的条目是：8
2019-02-20 14:21:24.431 [http-nio-8888-exec-8] INFO  com.course.controller.UserManager - cookies验证通过
2019-02-20 14:21:24.535 [http-nio-8888-exec-8] INFO  com.course.controller.UserManager - 更新数据的条目是：8
2019-02-20 14:34:07.665 [http-nio-8888-exec-1] INFO  com.course.controller.UserManager - 查询到到结果是1
2019-02-20 14:34:07.665 [http-nio-8888-exec-1] INFO  com.course.controller.UserManager - 登陆的用户是：zhangsan
2019-02-20 14:34:07.753 [http-nio-8888-exec-2] INFO  com.course.controller.UserManager - 查询到到结果是0
2019-02-20 14:34:07.852 [http-nio-8888-exec-3] INFO  com.course.controller.UserManager - cookies验证通过
2019-02-20 14:34:07.961 [http-nio-8888-exec-3] INFO  com.course.controller.UserManager - 添加用户的数量是：1
2019-02-20 14:34:18.096 [http-nio-8888-exec-5] INFO  com.course.controller.UserManager - cookies验证通过
2019-02-20 14:34:18.143 [http-nio-8888-exec-5] INFO  com.course.controller.UserManager - 更新数据的条目是：9
2019-02-20 14:34:31.236 [http-nio-8888-exec-6] INFO  com.course.controller.UserManager - cookies验证通过
2019-02-20 14:34:31.258 [http-nio-8888-exec-6] INFO  com.course.controller.UserManager - 更新数据的条目是：9
2019-02-20 14:36:59.246 [http-nio-8888-exec-9] INFO  com.course.controller.UserManager - 查询到到结果是1
2019-02-20 14:36:59.247 [http-nio-8888-exec-9] INFO  com.course.controller.UserManager - 登陆的用户是：zhangsan
2019-02-20 14:36:59.311 [http-nio-8888-exec-10] INFO  com.course.controller.UserManager - 查询到到结果是0
2019-02-20 14:36:59.403 [http-nio-8888-exec-1] INFO  com.course.controller.UserManager - cookies验证通过
2019-02-20 14:36:59.493 [http-nio-8888-exec-1] INFO  com.course.controller.UserManager - 添加用户的数量是：1
2019-02-20 14:37:09.633 [http-nio-8888-exec-3] INFO  com.course.controller.UserManager - cookies验证通过
2019-02-20 14:37:09.672 [http-nio-8888-exec-3] INFO  com.course.controller.UserManager - 更新数据的条目是：10
2019-02-20 14:37:22.762 [http-nio-8888-exec-4] INFO  com.course.controller.UserManager - cookies验证通过
2019-02-20 14:37:22.852 [http-nio-8888-exec-4] INFO  com.course.controller.UserManager - 更新数据的条目是：10
2019-02-20 14:37:58.247 [http-nio-8888-exec-7] INFO  com.course.controller.UserManager - 查询到到结果是1
2019-02-20 14:37:58.249 [http-nio-8888-exec-7] INFO  com.course.controller.UserManager - 登陆的用户是：zhangsan
2019-02-20 14:37:58.317 [http-nio-8888-exec-8] INFO  com.course.controller.UserManager - 查询到到结果是0
2019-02-20 14:37:58.370 [http-nio-8888-exec-9] INFO  com.course.controller.UserManager - cookies验证通过
2019-02-20 14:37:58.388 [http-nio-8888-exec-9] INFO  com.course.controller.UserManager - 添加用户的数量是：1
2019-02-20 14:38:08.516 [http-nio-8888-exec-1] INFO  com.course.controller.UserManager - cookies验证通过
2019-02-20 14:38:08.587 [http-nio-8888-exec-1] INFO  com.course.controller.UserManager - 更新数据的条目是：11
2019-02-20 14:38:14.074 [http-nio-8888-exec-3] INFO  com.course.controller.UserManager - 查询到到结果是0
2019-02-20 14:38:14.257 [http-nio-8888-exec-4] INFO  com.course.controller.UserManager - 查询到到结果是0
2019-02-20 14:41:31.469 [Thread-3] INFO  o.s.boot.web.servlet.context.AnnotationConfigServletWebServerApplicationContext - Closing org.springframework.boot.web.servlet.context.AnnotationConfigServletWebServerApplicationContext@22fcf7ab: startup date [Wed Feb 20 11:09:23 CST 2019]; root of context hierarchy
2019-02-20 14:41:31.489 [Thread-3] INFO  org.springframework.context.support.DefaultLifecycleProcessor - Stopping beans in phase 2147483647
2019-02-20 14:41:31.491 [Thread-3] INFO  org.springframework.jmx.export.annotation.AnnotationMBeanExporter - Unregistering JMX-exposed beans on shutdown
2019-02-20 14:41:31.492 [Thread-3] INFO  org.springframework.jmx.export.annotation.AnnotationMBeanExporter - Unregistering JMX-exposed beans
2019-02-20 14:41:31.498 [Thread-3] INFO  com.zaxxer.hikari.HikariDataSource - HikariPool-1 - Shutdown initiated...
2019-02-20 14:41:31.511 [Thread-3] INFO  com.zaxxer.hikari.HikariDataSource - HikariPool-1 - Shutdown completed.
2019-02-20 14:41:36.309 [main] INFO  com.course.Application - Starting Application on lichaodeMacBook-Pro.local with PID 62349 (/Users/lichao/workspace/autojava/AutoTestStudy/Chapter13/target/classes started by lichao in /Users/lichao/workspace/autojava/AutoTestStudy)
2019-02-20 14:41:36.333 [main] INFO  com.course.Application - No active profile set, falling back to default profiles: default
2019-02-20 14:41:36.538 [main] INFO  o.s.boot.web.servlet.context.AnnotationConfigServletWebServerApplicationContext - Refreshing org.springframework.boot.web.servlet.context.AnnotationConfigServletWebServerApplicationContext@22fcf7ab: startup date [Wed Feb 20 14:41:36 CST 2019]; root of context hierarchy
2019-02-20 14:41:37.618 [main] WARN  org.mybatis.spring.mapper.ClassPathMapperScanner - No MyBatis mapper was found in '[com.course]' package. Please check your configuration.
2019-02-20 14:41:38.210 [main] INFO  o.s.context.support.PostProcessorRegistrationDelegate$BeanPostProcessorChecker - Bean 'org.springframework.transaction.annotation.ProxyTransactionManagementConfiguration' of type [org.springframework.transaction.annotation.ProxyTransactionManagementConfiguration$$EnhancerBySpringCGLIB$$2349e273] is not eligible for getting processed by all BeanPostProcessors (for example: not eligible for auto-proxying)
2019-02-20 14:41:38.559 [main] INFO  org.springframework.boot.web.embedded.tomcat.TomcatWebServer - Tomcat initialized with port(s): 8888 (http)
2019-02-20 14:41:38.584 [main] INFO  org.apache.catalina.core.StandardService - Starting service [Tomcat]
2019-02-20 14:41:38.584 [main] INFO  org.apache.catalina.core.StandardEngine - Starting Servlet Engine: Apache Tomcat/8.5.28
2019-02-20 14:41:38.593 [localhost-startStop-1] INFO  org.apache.catalina.core.AprLifecycleListener - The APR based Apache Tomcat Native library which allows optimal performance in production environments was not found on the java.library.path: [/Users/lichao/Library/Java/Extensions:/Library/Java/Extensions:/Network/Library/Java/Extensions:/System/Library/Java/Extensions:/usr/lib/java:.]
2019-02-20 14:41:38.674 [localhost-startStop-1] INFO  org.apache.catalina.core.ContainerBase.[Tomcat].[localhost].[/] - Initializing Spring embedded WebApplicationContext
2019-02-20 14:41:38.674 [localhost-startStop-1] INFO  org.springframework.web.context.ContextLoader - Root WebApplicationContext: initialization completed in 2136 ms
2019-02-20 14:41:38.806 [localhost-startStop-1] INFO  org.springframework.boot.web.servlet.ServletRegistrationBean - Servlet dispatcherServlet mapped to [/]
2019-02-20 14:41:38.812 [localhost-startStop-1] INFO  org.springframework.boot.web.servlet.FilterRegistrationBean - Mapping filter: 'characterEncodingFilter' to: [/*]
2019-02-20 14:41:38.813 [localhost-startStop-1] INFO  org.springframework.boot.web.servlet.FilterRegistrationBean - Mapping filter: 'hiddenHttpMethodFilter' to: [/*]
2019-02-20 14:41:38.813 [localhost-startStop-1] INFO  org.springframework.boot.web.servlet.FilterRegistrationBean - Mapping filter: 'httpPutFormContentFilter' to: [/*]
2019-02-20 14:41:38.813 [localhost-startStop-1] INFO  org.springframework.boot.web.servlet.FilterRegistrationBean - Mapping filter: 'requestContextFilter' to: [/*]
2019-02-20 14:41:39.608 [main] INFO  o.springframework.web.servlet.mvc.method.annotation.RequestMappingHandlerMapping - Mapped "{[/v1/getUserInfo],methods=[POST]}" onto public java.util.List<com.course.model.User> com.course.controller.UserManager.getUserInfo(javax.servlet.http.HttpServletRequest,com.course.model.User)
2019-02-20 14:41:39.609 [main] INFO  o.springframework.web.servlet.mvc.method.annotation.RequestMappingHandlerMapping - Mapped "{[/v1/addUser],methods=[POST]}" onto public java.lang.Boolean com.course.controller.UserManager.addUser(javax.servlet.http.HttpServletRequest,com.course.model.User)
2019-02-20 14:41:39.610 [main] INFO  o.springframework.web.servlet.mvc.method.annotation.RequestMappingHandlerMapping - Mapped "{[/v1/login],methods=[POST]}" onto public java.lang.Boolean com.course.controller.UserManager.login(javax.servlet.http.HttpServletResponse,com.course.model.User)
2019-02-20 14:41:39.610 [main] INFO  o.springframework.web.servlet.mvc.method.annotation.RequestMappingHandlerMapping - Mapped "{[/v1/updateUserInfo],methods=[POST]}" onto public int com.course.controller.UserManager.updateUser(javax.servlet.http.HttpServletRequest,com.course.model.User)
2019-02-20 14:41:39.612 [main] INFO  o.springframework.web.servlet.mvc.method.annotation.RequestMappingHandlerMapping - Mapped "{[/v2/api-docs],methods=[GET],produces=[application/json || application/hal+json]}" onto public org.springframework.http.ResponseEntity<springfox.documentation.spring.web.json.Json> springfox.documentation.swagger2.web.Swagger2Controller.getDocumentation(java.lang.String,javax.servlet.http.HttpServletRequest)
2019-02-20 14:41:39.616 [main] INFO  o.springframework.web.servlet.mvc.method.annotation.RequestMappingHandlerMapping - Mapped "{[/swagger-resources/configuration/ui]}" onto org.springframework.http.ResponseEntity<springfox.documentation.swagger.web.UiConfiguration> springfox.documentation.swagger.web.ApiResourceController.uiConfiguration()
2019-02-20 14:41:39.617 [main] INFO  o.springframework.web.servlet.mvc.method.annotation.RequestMappingHandlerMapping - Mapped "{[/swagger-resources/configuration/security]}" onto org.springframework.http.ResponseEntity<springfox.documentation.swagger.web.SecurityConfiguration> springfox.documentation.swagger.web.ApiResourceController.securityConfiguration()
2019-02-20 14:41:39.618 [main] INFO  o.springframework.web.servlet.mvc.method.annotation.RequestMappingHandlerMapping - Mapped "{[/swagger-resources]}" onto org.springframework.http.ResponseEntity<java.util.List<springfox.documentation.swagger.web.SwaggerResource>> springfox.documentation.swagger.web.ApiResourceController.swaggerResources()
2019-02-20 14:41:39.624 [main] INFO  o.springframework.web.servlet.mvc.method.annotation.RequestMappingHandlerMapping - Mapped "{[/error]}" onto public org.springframework.http.ResponseEntity<java.util.Map<java.lang.String, java.lang.Object>> org.springframework.boot.autoconfigure.web.servlet.error.BasicErrorController.error(javax.servlet.http.HttpServletRequest)
2019-02-20 14:41:39.624 [main] INFO  o.springframework.web.servlet.mvc.method.annotation.RequestMappingHandlerMapping - Mapped "{[/error],produces=[text/html]}" onto public org.springframework.web.servlet.ModelAndView org.springframework.boot.autoconfigure.web.servlet.error.BasicErrorController.errorHtml(javax.servlet.http.HttpServletRequest,javax.servlet.http.HttpServletResponse)
2019-02-20 14:41:39.987 [main] INFO  o.springframework.web.servlet.mvc.method.annotation.RequestMappingHandlerAdapter - Looking for @ControllerAdvice: org.springframework.boot.web.servlet.context.AnnotationConfigServletWebServerApplicationContext@22fcf7ab: startup date [Wed Feb 20 14:41:36 CST 2019]; root of context hierarchy
2019-02-20 14:41:40.067 [main] INFO  org.springframework.web.servlet.handler.SimpleUrlHandlerMapping - Mapped URL path [/webjars/**] onto handler of type [class org.springframework.web.servlet.resource.ResourceHttpRequestHandler]
2019-02-20 14:41:40.067 [main] INFO  org.springframework.web.servlet.handler.SimpleUrlHandlerMapping - Mapped URL path [/**] onto handler of type [class org.springframework.web.servlet.resource.ResourceHttpRequestHandler]
2019-02-20 14:41:40.112 [main] INFO  org.springframework.web.servlet.handler.SimpleUrlHandlerMapping - Mapped URL path [/**/favicon.ico] onto handler of type [class org.springframework.web.servlet.resource.ResourceHttpRequestHandler]
2019-02-20 14:41:40.318 [main] INFO  org.springframework.jmx.export.annotation.AnnotationMBeanExporter - Registering beans for JMX exposure on startup
2019-02-20 14:41:40.320 [main] INFO  org.springframework.jmx.export.annotation.AnnotationMBeanExporter - Bean with name 'dataSource' has been autodetected for JMX exposure
2019-02-20 14:41:40.328 [main] INFO  org.springframework.jmx.export.annotation.AnnotationMBeanExporter - Located MBean 'dataSource': registering with JMX server as MBean [com.zaxxer.hikari:name=dataSource,type=HikariDataSource]
2019-02-20 14:41:40.334 [main] INFO  org.springframework.context.support.DefaultLifecycleProcessor - Starting beans in phase 2147483647
2019-02-20 14:41:40.334 [main] INFO  springfox.documentation.spring.web.plugins.DocumentationPluginsBootstrapper - Context refreshed
2019-02-20 14:41:40.353 [main] INFO  springfox.documentation.spring.web.plugins.DocumentationPluginsBootstrapper - Found 1 custom documentation plugin(s)
2019-02-20 14:41:40.365 [main] INFO  springfox.documentation.spring.web.scanners.ApiListingReferenceScanner - Scanning for api listing references
2019-02-20 14:41:40.704 [main] INFO  org.springframework.boot.web.embedded.tomcat.TomcatWebServer - Tomcat started on port(s): 8888 (http) with context path ''
2019-02-20 14:41:40.710 [main] INFO  com.course.Application - Started Application in 5.392 seconds (JVM running for 6.256)
2019-02-20 14:42:26.323 [http-nio-8888-exec-1] INFO  org.apache.catalina.core.ContainerBase.[Tomcat].[localhost].[/] - Initializing Spring FrameworkServlet 'dispatcherServlet'
2019-02-20 14:42:26.325 [http-nio-8888-exec-1] INFO  org.springframework.web.servlet.DispatcherServlet - FrameworkServlet 'dispatcherServlet': initialization started
2019-02-20 14:42:26.354 [http-nio-8888-exec-1] INFO  org.springframework.web.servlet.DispatcherServlet - FrameworkServlet 'dispatcherServlet': initialization completed in 29 ms
2019-02-20 14:42:26.475 [http-nio-8888-exec-1] INFO  com.zaxxer.hikari.HikariDataSource - HikariPool-1 - Starting...
2019-02-20 14:42:27.143 [http-nio-8888-exec-1] INFO  com.zaxxer.hikari.HikariDataSource - HikariPool-1 - Start completed.
2019-02-20 14:42:27.184 [http-nio-8888-exec-1] INFO  com.course.controller.UserManager - 查询到到结果是1
2019-02-20 14:42:27.185 [http-nio-8888-exec-1] INFO  com.course.controller.UserManager - 登陆的用户是：zhangsan
2019-02-20 14:42:27.296 [http-nio-8888-exec-2] INFO  com.course.controller.UserManager - 查询到到结果是0
2019-02-20 14:42:27.390 [http-nio-8888-exec-3] INFO  com.course.controller.UserManager - cookies验证通过
2019-02-20 14:42:27.477 [http-nio-8888-exec-3] INFO  com.course.controller.UserManager - 添加用户的数量是：1
2019-02-20 14:42:37.671 [http-nio-8888-exec-5] INFO  com.course.controller.UserManager - cookies验证通过
2019-02-20 14:42:37.746 [http-nio-8888-exec-5] ERROR o.a.catalina.core.ContainerBase.[Tomcat].[localhost].[/].[dispatcherServlet] - Servlet.service() for servlet [dispatcherServlet] in context with path [] threw exception [Request processing failed; nested exception is org.mybatis.spring.MyBatisSystemException: nested exception is org.apache.ibatis.reflection.ReflectionException: There is no getter for property named 'userId' in 'class com.course.model.User'] with root cause
org.apache.ibatis.reflection.ReflectionException: There is no getter for property named 'userId' in 'class com.course.model.User'
	at org.apache.ibatis.reflection.Reflector.getGetInvoker(Reflector.java:421)
	at org.apache.ibatis.reflection.MetaClass.getGetInvoker(MetaClass.java:164)
	at org.apache.ibatis.reflection.wrapper.BeanWrapper.getBeanProperty(BeanWrapper.java:162)
	at org.apache.ibatis.reflection.wrapper.BeanWrapper.get(BeanWrapper.java:49)
	at org.apache.ibatis.reflection.MetaObject.getValue(MetaObject.java:122)
	at org.apache.ibatis.scripting.defaults.DefaultParameterHandler.setParameters(DefaultParameterHandler.java:79)
	at org.apache.ibatis.executor.statement.PreparedStatementHandler.parameterize(PreparedStatementHandler.java:93)
	at org.apache.ibatis.executor.statement.RoutingStatementHandler.parameterize(RoutingStatementHandler.java:64)
	at org.apache.ibatis.executor.SimpleExecutor.prepareStatement(SimpleExecutor.java:86)
	at org.apache.ibatis.executor.SimpleExecutor.doUpdate(SimpleExecutor.java:49)
	at org.apache.ibatis.executor.BaseExecutor.update(BaseExecutor.java:117)
	at org.apache.ibatis.executor.CachingExecutor.update(CachingExecutor.java:76)
	at org.apache.ibatis.session.defaults.DefaultSqlSession.update(DefaultSqlSession.java:198)
	at sun.reflect.NativeMethodAccessorImpl.invoke0(Native Method)
	at sun.reflect.NativeMethodAccessorImpl.invoke(NativeMethodAccessorImpl.java:62)
	at sun.reflect.DelegatingMethodAccessorImpl.invoke(DelegatingMethodAccessorImpl.java:43)
	at java.lang.reflect.Method.invoke(Method.java:498)
	at org.mybatis.spring.SqlSessionTemplate$SqlSessionInterceptor.invoke(SqlSessionTemplate.java:433)
	at com.sun.proxy.$Proxy65.update(Unknown Source)
	at org.mybatis.spring.SqlSessionTemplate.update(SqlSessionTemplate.java:294)
	at com.course.controller.UserManager.updateUser(UserManager.java:77)
	at sun.reflect.NativeMethodAccessorImpl.invoke0(Native Method)
	at sun.reflect.NativeMethodAccessorImpl.invoke(NativeMethodAccessorImpl.java:62)
	at sun.reflect.DelegatingMethodAccessorImpl.invoke(DelegatingMethodAccessorImpl.java:43)
	at java.lang.reflect.Method.invoke(Method.java:498)
	at org.springframework.web.method.support.InvocableHandlerMethod.doInvoke(InvocableHandlerMethod.java:209)
	at org.springframework.web.method.support.InvocableHandlerMethod.invokeForRequest(InvocableHandlerMethod.java:136)
	at org.springframework.web.servlet.mvc.method.annotation.ServletInvocableHandlerMethod.invokeAndHandle(ServletInvocableHandlerMethod.java:102)
	at org.springframework.web.servlet.mvc.method.annotation.RequestMappingHandlerAdapter.invokeHandlerMethod(RequestMappingHandlerAdapter.java:870)
	at org.springframework.web.servlet.mvc.method.annotation.RequestMappingHandlerAdapter.handleInternal(RequestMappingHandlerAdapter.java:776)
	at org.springframework.web.servlet.mvc.method.AbstractHandlerMethodAdapter.handle(AbstractHandlerMethodAdapter.java:87)
	at org.springframework.web.servlet.DispatcherServlet.doDispatch(DispatcherServlet.java:991)
	at org.springframework.web.servlet.DispatcherServlet.doService(DispatcherServlet.java:925)
	at org.springframework.web.servlet.FrameworkServlet.processRequest(FrameworkServlet.java:978)
	at org.springframework.web.servlet.FrameworkServlet.doPost(FrameworkServlet.java:881)
	at javax.servlet.http.HttpServlet.service(HttpServlet.java:661)
	at org.springframework.web.servlet.FrameworkServlet.service(FrameworkServlet.java:855)
	at javax.servlet.http.HttpServlet.service(HttpServlet.java:742)
	at org.apache.catalina.core.ApplicationFilterChain.internalDoFilter(ApplicationFilterChain.java:231)
	at org.apache.catalina.core.ApplicationFilterChain.doFilter(ApplicationFilterChain.java:166)
	at org.apache.tomcat.websocket.server.WsFilter.doFilter(WsFilter.java:52)
	at org.apache.catalina.core.ApplicationFilterChain.internalDoFilter(ApplicationFilterChain.java:193)
	at org.apache.catalina.core.ApplicationFilterChain.doFilter(ApplicationFilterChain.java:166)
	at org.springframework.web.filter.RequestContextFilter.doFilterInternal(RequestContextFilter.java:99)
	at org.springframework.web.filter.OncePerRequestFilter.doFilter(OncePerRequestFilter.java:107)
	at org.apache.catalina.core.ApplicationFilterChain.internalDoFilter(ApplicationFilterChain.java:193)
	at org.apache.catalina.core.ApplicationFilterChain.doFilter(ApplicationFilterChain.java:166)
	at org.springframework.web.filter.HttpPutFormContentFilter.doFilterInternal(HttpPutFormContentFilter.java:109)
	at org.springframework.web.filter.OncePerRequestFilter.doFilter(OncePerRequestFilter.java:107)
	at org.apache.catalina.core.ApplicationFilterChain.internalDoFilter(ApplicationFilterChain.java:193)
	at org.apache.catalina.core.ApplicationFilterChain.doFilter(ApplicationFilterChain.java:166)
	at org.springframework.web.filter.HiddenHttpMethodFilter.doFilterInternal(HiddenHttpMethodFilter.java:81)
	at org.springframework.web.filter.OncePerRequestFilter.doFilter(OncePerRequestFilter.java:107)
	at org.apache.catalina.core.ApplicationFilterChain.internalDoFilter(ApplicationFilterChain.java:193)
	at org.apache.catalina.core.ApplicationFilterChain.doFilter(ApplicationFilterChain.java:166)
	at org.springframework.web.filter.CharacterEncodingFilter.doFilterInternal(CharacterEncodingFilter.java:200)
	at org.springframework.web.filter.OncePerRequestFilter.doFilter(OncePerRequestFilter.java:107)
	at org.apache.catalina.core.ApplicationFilterChain.internalDoFilter(ApplicationFilterChain.java:193)
	at org.apache.catalina.core.ApplicationFilterChain.doFilter(ApplicationFilterChain.java:166)
	at org.apache.catalina.core.StandardWrapperValve.invoke(StandardWrapperValve.java:199)
	at org.apache.catalina.core.StandardContextValve.invoke(StandardContextValve.java:96)
	at org.apache.catalina.authenticator.AuthenticatorBase.invoke(AuthenticatorBase.java:496)
	at org.apache.catalina.core.StandardHostValve.invoke(StandardHostValve.java:140)
	at org.apache.catalina.valves.ErrorReportValve.invoke(ErrorReportValve.java:81)
	at org.apache.catalina.core.StandardEngineValve.invoke(StandardEngineValve.java:87)
	at org.apache.catalina.connector.CoyoteAdapter.service(CoyoteAdapter.java:342)
	at org.apache.coyote.http11.Http11Processor.service(Http11Processor.java:803)
	at org.apache.coyote.AbstractProcessorLight.process(AbstractProcessorLight.java:66)
	at org.apache.coyote.AbstractProtocol$ConnectionHandler.process(AbstractProtocol.java:790)
	at org.apache.tomcat.util.net.NioEndpoint$SocketProcessor.doRun(NioEndpoint.java:1459)
	at org.apache.tomcat.util.net.SocketProcessorBase.run(SocketProcessorBase.java:49)
	at java.util.concurrent.ThreadPoolExecutor.runWorker(ThreadPoolExecutor.java:1149)
	at java.util.concurrent.ThreadPoolExecutor$Worker.run(ThreadPoolExecutor.java:624)
	at org.apache.tomcat.util.threads.TaskThread$WrappingRunnable.run(TaskThread.java:61)
	at java.lang.Thread.run(Thread.java:748)
2019-02-20 14:42:47.816 [http-nio-8888-exec-6] INFO  com.course.controller.UserManager - cookies验证通过
2019-02-20 14:42:47.822 [http-nio-8888-exec-6] ERROR o.a.catalina.core.ContainerBase.[Tomcat].[localhost].[/].[dispatcherServlet] - Servlet.service() for servlet [dispatcherServlet] in context with path [] threw exception [Request processing failed; nested exception is org.mybatis.spring.MyBatisSystemException: nested exception is org.apache.ibatis.reflection.ReflectionException: There is no getter for property named 'userId' in 'class com.course.model.User'] with root cause
org.apache.ibatis.reflection.ReflectionException: There is no getter for property named 'userId' in 'class com.course.model.User'
	at org.apache.ibatis.reflection.Reflector.getGetInvoker(Reflector.java:421)
	at org.apache.ibatis.reflection.MetaClass.getGetInvoker(MetaClass.java:164)
	at org.apache.ibatis.reflection.wrapper.BeanWrapper.getBeanProperty(BeanWrapper.java:162)
	at org.apache.ibatis.reflection.wrapper.BeanWrapper.get(BeanWrapper.java:49)
	at org.apache.ibatis.reflection.MetaObject.getValue(MetaObject.java:122)
	at org.apache.ibatis.scripting.defaults.DefaultParameterHandler.setParameters(DefaultParameterHandler.java:79)
	at org.apache.ibatis.executor.statement.PreparedStatementHandler.parameterize(PreparedStatementHandler.java:93)
	at org.apache.ibatis.executor.statement.RoutingStatementHandler.parameterize(RoutingStatementHandler.java:64)
	at org.apache.ibatis.executor.SimpleExecutor.prepareStatement(SimpleExecutor.java:86)
	at org.apache.ibatis.executor.SimpleExecutor.doUpdate(SimpleExecutor.java:49)
	at org.apache.ibatis.executor.BaseExecutor.update(BaseExecutor.java:117)
	at org.apache.ibatis.executor.CachingExecutor.update(CachingExecutor.java:76)
	at org.apache.ibatis.session.defaults.DefaultSqlSession.update(DefaultSqlSession.java:198)
	at sun.reflect.NativeMethodAccessorImpl.invoke0(Native Method)
	at sun.reflect.NativeMethodAccessorImpl.invoke(NativeMethodAccessorImpl.java:62)
	at sun.reflect.DelegatingMethodAccessorImpl.invoke(DelegatingMethodAccessorImpl.java:43)
	at java.lang.reflect.Method.invoke(Method.java:498)
	at org.mybatis.spring.SqlSessionTemplate$SqlSessionInterceptor.invoke(SqlSessionTemplate.java:433)
	at com.sun.proxy.$Proxy65.update(Unknown Source)
	at org.mybatis.spring.SqlSessionTemplate.update(SqlSessionTemplate.java:294)
	at com.course.controller.UserManager.updateUser(UserManager.java:77)
	at sun.reflect.NativeMethodAccessorImpl.invoke0(Native Method)
	at sun.reflect.NativeMethodAccessorImpl.invoke(NativeMethodAccessorImpl.java:62)
	at sun.reflect.DelegatingMethodAccessorImpl.invoke(DelegatingMethodAccessorImpl.java:43)
	at java.lang.reflect.Method.invoke(Method.java:498)
	at org.springframework.web.method.support.InvocableHandlerMethod.doInvoke(InvocableHandlerMethod.java:209)
	at org.springframework.web.method.support.InvocableHandlerMethod.invokeForRequest(InvocableHandlerMethod.java:136)
	at org.springframework.web.servlet.mvc.method.annotation.ServletInvocableHandlerMethod.invokeAndHandle(ServletInvocableHandlerMethod.java:102)
	at org.springframework.web.servlet.mvc.method.annotation.RequestMappingHandlerAdapter.invokeHandlerMethod(RequestMappingHandlerAdapter.java:870)
	at org.springframework.web.servlet.mvc.method.annotation.RequestMappingHandlerAdapter.handleInternal(RequestMappingHandlerAdapter.java:776)
	at org.springframework.web.servlet.mvc.method.AbstractHandlerMethodAdapter.handle(AbstractHandlerMethodAdapter.java:87)
	at org.springframework.web.servlet.DispatcherServlet.doDispatch(DispatcherServlet.java:991)
	at org.springframework.web.servlet.DispatcherServlet.doService(DispatcherServlet.java:925)
	at org.springframework.web.servlet.FrameworkServlet.processRequest(FrameworkServlet.java:978)
	at org.springframework.web.servlet.FrameworkServlet.doPost(FrameworkServlet.java:881)
	at javax.servlet.http.HttpServlet.service(HttpServlet.java:661)
	at org.springframework.web.servlet.FrameworkServlet.service(FrameworkServlet.java:855)
	at javax.servlet.http.HttpServlet.service(HttpServlet.java:742)
	at org.apache.catalina.core.ApplicationFilterChain.internalDoFilter(ApplicationFilterChain.java:231)
	at org.apache.catalina.core.ApplicationFilterChain.doFilter(ApplicationFilterChain.java:166)
	at org.apache.tomcat.websocket.server.WsFilter.doFilter(WsFilter.java:52)
	at org.apache.catalina.core.ApplicationFilterChain.internalDoFilter(ApplicationFilterChain.java:193)
	at org.apache.catalina.core.ApplicationFilterChain.doFilter(ApplicationFilterChain.java:166)
	at org.springframework.web.filter.RequestContextFilter.doFilterInternal(RequestContextFilter.java:99)
	at org.springframework.web.filter.OncePerRequestFilter.doFilter(OncePerRequestFilter.java:107)
	at org.apache.catalina.core.ApplicationFilterChain.internalDoFilter(ApplicationFilterChain.java:193)
	at org.apache.catalina.core.ApplicationFilterChain.doFilter(ApplicationFilterChain.java:166)
	at org.springframework.web.filter.HttpPutFormContentFilter.doFilterInternal(HttpPutFormContentFilter.java:109)
	at org.springframework.web.filter.OncePerRequestFilter.doFilter(OncePerRequestFilter.java:107)
	at org.apache.catalina.core.ApplicationFilterChain.internalDoFilter(ApplicationFilterChain.java:193)
	at org.apache.catalina.core.ApplicationFilterChain.doFilter(ApplicationFilterChain.java:166)
	at org.springframework.web.filter.HiddenHttpMethodFilter.doFilterInternal(HiddenHttpMethodFilter.java:81)
	at org.springframework.web.filter.OncePerRequestFilter.doFilter(OncePerRequestFilter.java:107)
	at org.apache.catalina.core.ApplicationFilterChain.internalDoFilter(ApplicationFilterChain.java:193)
	at org.apache.catalina.core.ApplicationFilterChain.doFilter(ApplicationFilterChain.java:166)
	at org.springframework.web.filter.CharacterEncodingFilter.doFilterInternal(CharacterEncodingFilter.java:200)
	at org.springframework.web.filter.OncePerRequestFilter.doFilter(OncePerRequestFilter.java:107)
	at org.apache.catalina.core.ApplicationFilterChain.internalDoFilter(ApplicationFilterChain.java:193)
	at org.apache.catalina.core.ApplicationFilterChain.doFilter(ApplicationFilterChain.java:166)
	at org.apache.catalina.core.StandardWrapperValve.invoke(StandardWrapperValve.java:199)
	at org.apache.catalina.core.StandardContextValve.invoke(StandardContextValve.java:96)
	at org.apache.catalina.authenticator.AuthenticatorBase.invoke(AuthenticatorBase.java:496)
	at org.apache.catalina.core.StandardHostValve.invoke(StandardHostValve.java:140)
	at org.apache.catalina.valves.ErrorReportValve.invoke(ErrorReportValve.java:81)
	at org.apache.catalina.core.StandardEngineValve.invoke(StandardEngineValve.java:87)
	at org.apache.catalina.connector.CoyoteAdapter.service(CoyoteAdapter.java:342)
	at org.apache.coyote.http11.Http11Processor.service(Http11Processor.java:803)
	at org.apache.coyote.AbstractProcessorLight.process(AbstractProcessorLight.java:66)
	at org.apache.coyote.AbstractProtocol$ConnectionHandler.process(AbstractProtocol.java:790)
	at org.apache.tomcat.util.net.NioEndpoint$SocketProcessor.doRun(NioEndpoint.java:1459)
	at org.apache.tomcat.util.net.SocketProcessorBase.run(SocketProcessorBase.java:49)
	at java.util.concurrent.ThreadPoolExecutor.runWorker(ThreadPoolExecutor.java:1149)
	at java.util.concurrent.ThreadPoolExecutor$Worker.run(ThreadPoolExecutor.java:624)
	at org.apache.tomcat.util.threads.TaskThread$WrappingRunnable.run(TaskThread.java:61)
	at java.lang.Thread.run(Thread.java:748)
2019-02-20 14:43:45.242 [Thread-3] INFO  o.s.boot.web.servlet.context.AnnotationConfigServletWebServerApplicationContext - Closing org.springframework.boot.web.servlet.context.AnnotationConfigServletWebServerApplicationContext@22fcf7ab: startup date [Wed Feb 20 14:41:36 CST 2019]; root of context hierarchy
2019-02-20 14:43:45.251 [Thread-3] INFO  org.springframework.context.support.DefaultLifecycleProcessor - Stopping beans in phase 2147483647
2019-02-20 14:43:45.252 [Thread-3] INFO  org.springframework.jmx.export.annotation.AnnotationMBeanExporter - Unregistering JMX-exposed beans on shutdown
2019-02-20 14:43:45.253 [Thread-3] INFO  org.springframework.jmx.export.annotation.AnnotationMBeanExporter - Unregistering JMX-exposed beans
2019-02-20 14:43:45.257 [Thread-3] INFO  com.zaxxer.hikari.HikariDataSource - HikariPool-1 - Shutdown initiated...
2019-02-20 14:43:45.298 [Thread-3] INFO  com.zaxxer.hikari.HikariDataSource - HikariPool-1 - Shutdown completed.
2019-02-20 14:43:48.743 [main] INFO  com.course.Application - Starting Application on lichaodeMacBook-Pro.local with PID 62359 (/Users/lichao/workspace/autojava/AutoTestStudy/Chapter13/target/classes started by lichao in /Users/lichao/workspace/autojava/AutoTestStudy)
2019-02-20 14:43:48.746 [main] INFO  com.course.Application - No active profile set, falling back to default profiles: default
2019-02-20 14:43:48.850 [main] INFO  o.s.boot.web.servlet.context.AnnotationConfigServletWebServerApplicationContext - Refreshing org.springframework.boot.web.servlet.context.AnnotationConfigServletWebServerApplicationContext@22fcf7ab: startup date [Wed Feb 20 14:43:48 CST 2019]; root of context hierarchy
2019-02-20 14:43:49.822 [main] WARN  org.mybatis.spring.mapper.ClassPathMapperScanner - No MyBatis mapper was found in '[com.course]' package. Please check your configuration.
2019-02-20 14:43:50.270 [main] INFO  o.s.context.support.PostProcessorRegistrationDelegate$BeanPostProcessorChecker - Bean 'org.springframework.transaction.annotation.ProxyTransactionManagementConfiguration' of type [org.springframework.transaction.annotation.ProxyTransactionManagementConfiguration$$EnhancerBySpringCGLIB$$13c244a0] is not eligible for getting processed by all BeanPostProcessors (for example: not eligible for auto-proxying)
2019-02-20 14:43:50.609 [main] INFO  org.springframework.boot.web.embedded.tomcat.TomcatWebServer - Tomcat initialized with port(s): 8888 (http)
2019-02-20 14:43:50.636 [main] INFO  org.apache.catalina.core.StandardService - Starting service [Tomcat]
2019-02-20 14:43:50.637 [main] INFO  org.apache.catalina.core.StandardEngine - Starting Servlet Engine: Apache Tomcat/8.5.28
2019-02-20 14:43:50.645 [localhost-startStop-1] INFO  org.apache.catalina.core.AprLifecycleListener - The APR based Apache Tomcat Native library which allows optimal performance in production environments was not found on the java.library.path: [/Users/lichao/Library/Java/Extensions:/Library/Java/Extensions:/Network/Library/Java/Extensions:/System/Library/Java/Extensions:/usr/lib/java:.]
2019-02-20 14:43:50.737 [localhost-startStop-1] INFO  org.apache.catalina.core.ContainerBase.[Tomcat].[localhost].[/] - Initializing Spring embedded WebApplicationContext
2019-02-20 14:43:50.738 [localhost-startStop-1] INFO  org.springframework.web.context.ContextLoader - Root WebApplicationContext: initialization completed in 1888 ms
2019-02-20 14:43:50.872 [localhost-startStop-1] INFO  org.springframework.boot.web.servlet.ServletRegistrationBean - Servlet dispatcherServlet mapped to [/]
2019-02-20 14:43:50.878 [localhost-startStop-1] INFO  org.springframework.boot.web.servlet.FilterRegistrationBean - Mapping filter: 'characterEncodingFilter' to: [/*]
2019-02-20 14:43:50.879 [localhost-startStop-1] INFO  org.springframework.boot.web.servlet.FilterRegistrationBean - Mapping filter: 'hiddenHttpMethodFilter' to: [/*]
2019-02-20 14:43:50.879 [localhost-startStop-1] INFO  org.springframework.boot.web.servlet.FilterRegistrationBean - Mapping filter: 'httpPutFormContentFilter' to: [/*]
2019-02-20 14:43:50.879 [localhost-startStop-1] INFO  org.springframework.boot.web.servlet.FilterRegistrationBean - Mapping filter: 'requestContextFilter' to: [/*]
2019-02-20 14:43:51.628 [main] INFO  o.springframework.web.servlet.mvc.method.annotation.RequestMappingHandlerMapping - Mapped "{[/v1/getUserInfo],methods=[POST]}" onto public java.util.List<com.course.model.User> com.course.controller.UserManager.getUserInfo(javax.servlet.http.HttpServletRequest,com.course.model.User)
2019-02-20 14:43:51.629 [main] INFO  o.springframework.web.servlet.mvc.method.annotation.RequestMappingHandlerMapping - Mapped "{[/v1/addUser],methods=[POST]}" onto public java.lang.Boolean com.course.controller.UserManager.addUser(javax.servlet.http.HttpServletRequest,com.course.model.User)
2019-02-20 14:43:51.629 [main] INFO  o.springframework.web.servlet.mvc.method.annotation.RequestMappingHandlerMapping - Mapped "{[/v1/login],methods=[POST]}" onto public java.lang.Boolean com.course.controller.UserManager.login(javax.servlet.http.HttpServletResponse,com.course.model.User)
2019-02-20 14:43:51.629 [main] INFO  o.springframework.web.servlet.mvc.method.annotation.RequestMappingHandlerMapping - Mapped "{[/v1/updateUserInfo],methods=[POST]}" onto public int com.course.controller.UserManager.updateUser(javax.servlet.http.HttpServletRequest,com.course.model.User)
2019-02-20 14:43:51.631 [main] INFO  o.springframework.web.servlet.mvc.method.annotation.RequestMappingHandlerMapping - Mapped "{[/v2/api-docs],methods=[GET],produces=[application/json || application/hal+json]}" onto public org.springframework.http.ResponseEntity<springfox.documentation.spring.web.json.Json> springfox.documentation.swagger2.web.Swagger2Controller.getDocumentation(java.lang.String,javax.servlet.http.HttpServletRequest)
2019-02-20 14:43:51.635 [main] INFO  o.springframework.web.servlet.mvc.method.annotation.RequestMappingHandlerMapping - Mapped "{[/swagger-resources/configuration/ui]}" onto org.springframework.http.ResponseEntity<springfox.documentation.swagger.web.UiConfiguration> springfox.documentation.swagger.web.ApiResourceController.uiConfiguration()
2019-02-20 14:43:51.635 [main] INFO  o.springframework.web.servlet.mvc.method.annotation.RequestMappingHandlerMapping - Mapped "{[/swagger-resources/configuration/security]}" onto org.springframework.http.ResponseEntity<springfox.documentation.swagger.web.SecurityConfiguration> springfox.documentation.swagger.web.ApiResourceController.securityConfiguration()
2019-02-20 14:43:51.636 [main] INFO  o.springframework.web.servlet.mvc.method.annotation.RequestMappingHandlerMapping - Mapped "{[/swagger-resources]}" onto org.springframework.http.ResponseEntity<java.util.List<springfox.documentation.swagger.web.SwaggerResource>> springfox.documentation.swagger.web.ApiResourceController.swaggerResources()
2019-02-20 14:43:51.642 [main] INFO  o.springframework.web.servlet.mvc.method.annotation.RequestMappingHandlerMapping - Mapped "{[/error]}" onto public org.springframework.http.ResponseEntity<java.util.Map<java.lang.String, java.lang.Object>> org.springframework.boot.autoconfigure.web.servlet.error.BasicErrorController.error(javax.servlet.http.HttpServletRequest)
2019-02-20 14:43:51.643 [main] INFO  o.springframework.web.servlet.mvc.method.annotation.RequestMappingHandlerMapping - Mapped "{[/error],produces=[text/html]}" onto public org.springframework.web.servlet.ModelAndView org.springframework.boot.autoconfigure.web.servlet.error.BasicErrorController.errorHtml(javax.servlet.http.HttpServletRequest,javax.servlet.http.HttpServletResponse)
2019-02-20 14:43:52.000 [main] INFO  o.springframework.web.servlet.mvc.method.annotation.RequestMappingHandlerAdapter - Looking for @ControllerAdvice: org.springframework.boot.web.servlet.context.AnnotationConfigServletWebServerApplicationContext@22fcf7ab: startup date [Wed Feb 20 14:43:48 CST 2019]; root of context hierarchy
2019-02-20 14:43:52.078 [main] INFO  org.springframework.web.servlet.handler.SimpleUrlHandlerMapping - Mapped URL path [/webjars/**] onto handler of type [class org.springframework.web.servlet.resource.ResourceHttpRequestHandler]
2019-02-20 14:43:52.079 [main] INFO  org.springframework.web.servlet.handler.SimpleUrlHandlerMapping - Mapped URL path [/**] onto handler of type [class org.springframework.web.servlet.resource.ResourceHttpRequestHandler]
2019-02-20 14:43:52.127 [main] INFO  org.springframework.web.servlet.handler.SimpleUrlHandlerMapping - Mapped URL path [/**/favicon.ico] onto handler of type [class org.springframework.web.servlet.resource.ResourceHttpRequestHandler]
2019-02-20 14:43:52.320 [main] INFO  org.springframework.jmx.export.annotation.AnnotationMBeanExporter - Registering beans for JMX exposure on startup
2019-02-20 14:43:52.322 [main] INFO  org.springframework.jmx.export.annotation.AnnotationMBeanExporter - Bean with name 'dataSource' has been autodetected for JMX exposure
2019-02-20 14:43:52.328 [main] INFO  org.springframework.jmx.export.annotation.AnnotationMBeanExporter - Located MBean 'dataSource': registering with JMX server as MBean [com.zaxxer.hikari:name=dataSource,type=HikariDataSource]
2019-02-20 14:43:52.333 [main] INFO  org.springframework.context.support.DefaultLifecycleProcessor - Starting beans in phase 2147483647
2019-02-20 14:43:52.334 [main] INFO  springfox.documentation.spring.web.plugins.DocumentationPluginsBootstrapper - Context refreshed
2019-02-20 14:43:52.354 [main] INFO  springfox.documentation.spring.web.plugins.DocumentationPluginsBootstrapper - Found 1 custom documentation plugin(s)
2019-02-20 14:43:52.364 [main] INFO  springfox.documentation.spring.web.scanners.ApiListingReferenceScanner - Scanning for api listing references
2019-02-20 14:43:52.662 [main] INFO  org.springframework.boot.web.embedded.tomcat.TomcatWebServer - Tomcat started on port(s): 8888 (http) with context path ''
2019-02-20 14:43:52.667 [main] INFO  com.course.Application - Started Application in 4.674 seconds (JVM running for 5.343)
2019-02-20 14:44:14.479 [http-nio-8888-exec-1] INFO  org.apache.catalina.core.ContainerBase.[Tomcat].[localhost].[/] - Initializing Spring FrameworkServlet 'dispatcherServlet'
2019-02-20 14:44:14.479 [http-nio-8888-exec-1] INFO  org.springframework.web.servlet.DispatcherServlet - FrameworkServlet 'dispatcherServlet': initialization started
2019-02-20 14:44:14.503 [http-nio-8888-exec-1] INFO  org.springframework.web.servlet.DispatcherServlet - FrameworkServlet 'dispatcherServlet': initialization completed in 24 ms
2019-02-20 14:44:14.597 [http-nio-8888-exec-1] INFO  com.zaxxer.hikari.HikariDataSource - HikariPool-1 - Starting...
2019-02-20 14:44:15.077 [http-nio-8888-exec-1] INFO  com.zaxxer.hikari.HikariDataSource - HikariPool-1 - Start completed.
2019-02-20 14:44:15.105 [http-nio-8888-exec-1] INFO  com.course.controller.UserManager - 查询到到结果是1
2019-02-20 14:44:15.106 [http-nio-8888-exec-1] INFO  com.course.controller.UserManager - 登陆的用户是：zhangsan
2019-02-20 14:44:15.225 [http-nio-8888-exec-2] INFO  com.course.controller.UserManager - 查询到到结果是0
2019-02-20 14:44:15.394 [http-nio-8888-exec-3] INFO  com.course.controller.UserManager - cookies验证通过
2019-02-20 14:44:15.430 [http-nio-8888-exec-3] INFO  com.course.controller.UserManager - 添加用户的数量是：1
2019-02-20 14:44:25.599 [http-nio-8888-exec-5] INFO  com.course.controller.UserManager - cookies验证通过
2019-02-20 14:44:25.641 [http-nio-8888-exec-5] INFO  com.course.controller.UserManager - 更新数据的条目是：1
2019-02-20 14:44:38.727 [http-nio-8888-exec-6] INFO  com.course.controller.UserManager - cookies验证通过
2019-02-20 14:44:38.785 [http-nio-8888-exec-6] INFO  com.course.controller.UserManager - 更新数据的条目是：1
2019-02-20 14:51:01.830 [http-nio-8888-exec-9] INFO  com.course.controller.UserManager - 查询到到结果是1
2019-02-20 14:51:01.832 [http-nio-8888-exec-9] INFO  com.course.controller.UserManager - 登陆的用户是：zhangsan
2019-02-20 14:51:01.910 [http-nio-8888-exec-10] INFO  com.course.controller.UserManager - 查询到到结果是0
2019-02-20 14:51:02.006 [http-nio-8888-exec-1] INFO  com.course.controller.UserManager - cookies验证通过
2019-02-20 14:51:02.032 [http-nio-8888-exec-1] INFO  com.course.controller.UserManager - 添加用户的数量是：1
2019-02-20 14:51:12.182 [http-nio-8888-exec-3] INFO  com.course.controller.UserManager - cookies验证通过
2019-02-20 14:51:12.187 [http-nio-8888-exec-3] INFO  com.course.controller.UserManager - 更新数据的条目是：1
2019-02-20 14:51:25.283 [http-nio-8888-exec-4] INFO  com.course.controller.UserManager - cookies验证通过
2019-02-20 14:51:25.341 [http-nio-8888-exec-4] INFO  com.course.controller.UserManager - 更新数据的条目是：1
2019-02-20 14:54:08.016 [Thread-3] INFO  o.s.boot.web.servlet.context.AnnotationConfigServletWebServerApplicationContext - Closing org.springframework.boot.web.servlet.context.AnnotationConfigServletWebServerApplicationContext@22fcf7ab: startup date [Wed Feb 20 14:43:48 CST 2019]; root of context hierarchy
2019-02-20 14:54:08.033 [Thread-3] INFO  org.springframework.context.support.DefaultLifecycleProcessor - Stopping beans in phase 2147483647
2019-02-20 14:54:08.035 [Thread-3] INFO  org.springframework.jmx.export.annotation.AnnotationMBeanExporter - Unregistering JMX-exposed beans on shutdown
2019-02-20 14:54:08.036 [Thread-3] INFO  org.springframework.jmx.export.annotation.AnnotationMBeanExporter - Unregistering JMX-exposed beans
2019-02-20 14:54:08.042 [Thread-3] INFO  com.zaxxer.hikari.HikariDataSource - HikariPool-1 - Shutdown initiated...
2019-02-20 14:54:08.060 [Thread-3] INFO  com.zaxxer.hikari.HikariDataSource - HikariPool-1 - Shutdown completed.
